<?xml version="1.0" encoding="UTF-8"?>
<!-- Generated by org.testng.reporters.JUnitReportReporter -->
<testsuite hostname="DESKTOP-6KOFRV4" failures="0" tests="1" name="MobileApp.BillGenratorMobileApp2.Otherscenarios" time="2.258" errors="1" timestamp="2022-10-06T19:36:12 IST" skipped="0">
  <testcase classname="MobileApp.BillGenratorMobileApp2.Otherscenarios" name="rotateToLandscape" time="2.258">
    <error message="Screen rotation cannot be changed to ROTATION_90 after 2000ms. Is it locked programmatically?
Build info: version: &#039;4.4.0&#039;, revision: &#039;e5c75ed026a&#039;
System info: host: &#039;DESKTOP-6KOFRV4&#039;, ip: &#039;192.168.0.100&#039;, os.name: &#039;Windows 10&#039;, os.arch: &#039;amd64&#039;, os.version: &#039;10.0&#039;, java.version: &#039;11.0.13&#039;
Driver info: io.appium.java_client.android.AndroidDriver
Command: [4c29f36a-88e5-4953-a0a0-72f580d7a228, setScreenRotation {x=0, y=0, z=90}]
Capabilities {appium:appActivity: com.example.billgenerator.M..., appium:appPackage: com.example.billgenerator, appium:automationName: uiautomator2, appium:databaseEnabled: false, appium:desired: {appActivity: com.example.billgenerator.M..., appPackage: com.example.billgenerator, automationName: uiautomator2, deviceName: Android Emulator, platformName: android, platformVersion: 12}, appium:deviceApiLevel: 31, appium:deviceManufacturer: Google, appium:deviceModel: sdk_gphone64_x86_64, appium:deviceName: emulator-5554, appium:deviceScreenDensity: 420, appium:deviceScreenSize: 1080x1920, appium:deviceUDID: emulator-5554, appium:javascriptEnabled: true, appium:locationContextEnabled: false, appium:networkConnectionEnabled: true, appium:pixelRatio: 2.625, appium:platformVersion: 12, appium:statBarHeight: 63, appium:takesScreenshot: true, appium:viewportRect: {height: 1731, left: 0, top: 63, width: 1080}, appium:warnings: {}, appium:webStorageEnabled: false, platformName: ANDROID}
Session ID: 4c29f36a-88e5-4953-a0a0-72f580d7a228" type="org.openqa.selenium.InvalidElementStateException">
      <![CDATA[org.openqa.selenium.InvalidElementStateException: Screen rotation cannot be changed to ROTATION_90 after 2000ms. Is it locked programmatically?
Build info: version: '4.4.0', revision: 'e5c75ed026a'
System info: host: 'DESKTOP-6KOFRV4', ip: '192.168.0.100', os.name: 'Windows 10', os.arch: 'amd64', os.version: '10.0', java.version: '11.0.13'
Driver info: io.appium.java_client.android.AndroidDriver
Command: [4c29f36a-88e5-4953-a0a0-72f580d7a228, setScreenRotation {x=0, y=0, z=90}]
Capabilities {appium:appActivity: com.example.billgenerator.M..., appium:appPackage: com.example.billgenerator, appium:automationName: uiautomator2, appium:databaseEnabled: false, appium:desired: {appActivity: com.example.billgenerator.M..., appPackage: com.example.billgenerator, automationName: uiautomator2, deviceName: Android Emulator, platformName: android, platformVersion: 12}, appium:deviceApiLevel: 31, appium:deviceManufacturer: Google, appium:deviceModel: sdk_gphone64_x86_64, appium:deviceName: emulator-5554, appium:deviceScreenDensity: 420, appium:deviceScreenSize: 1080x1920, appium:deviceUDID: emulator-5554, appium:javascriptEnabled: true, appium:locationContextEnabled: false, appium:networkConnectionEnabled: true, appium:pixelRatio: 2.625, appium:platformVersion: 12, appium:statBarHeight: 63, appium:takesScreenshot: true, appium:viewportRect: {height: 1731, left: 0, top: 63, width: 1080}, appium:warnings: {}, appium:webStorageEnabled: false, platformName: ANDROID}
Session ID: 4c29f36a-88e5-4953-a0a0-72f580d7a228
at java.base/jdk.internal.reflect.NativeConstructorAccessorImpl.newInstance0(Native Method)
at java.base/jdk.internal.reflect.NativeConstructorAccessorImpl.newInstance(NativeConstructorAccessorImpl.java:62)
at java.base/jdk.internal.reflect.DelegatingConstructorAccessorImpl.newInstance(DelegatingConstructorAccessorImpl.java:45)
at java.base/java.lang.reflect.Constructor.newInstance(Constructor.java:490)
at org.openqa.selenium.remote.codec.w3c.W3CHttpResponseCodec.createException(W3CHttpResponseCodec.java:200)
at org.openqa.selenium.remote.codec.w3c.W3CHttpResponseCodec.decode(W3CHttpResponseCodec.java:133)
at org.openqa.selenium.remote.codec.w3c.W3CHttpResponseCodec.decode(W3CHttpResponseCodec.java:53)
at org.openqa.selenium.remote.HttpCommandExecutor.execute(HttpCommandExecutor.java:184)
at io.appium.java_client.remote.AppiumCommandExecutor.execute(AppiumCommandExecutor.java:189)
at org.openqa.selenium.remote.RemoteWebDriver.execute(RemoteWebDriver.java:547)
at org.openqa.selenium.remote.RemoteWebDriver.execute(RemoteWebDriver.java:602)
at io.appium.java_client.AppiumDriver.execute(AppiumDriver.java:267)
at io.appium.java_client.remote.SupportsRotation.rotate(SupportsRotation.java:43)
at MobileApp.BillGenratorMobileApp2.Otherscenarios.rotateToLandscape(Otherscenarios.java:14)
at java.base/jdk.internal.reflect.NativeMethodAccessorImpl.invoke0(Native Method)
at java.base/jdk.internal.reflect.NativeMethodAccessorImpl.invoke(NativeMethodAccessorImpl.java:62)
at java.base/jdk.internal.reflect.DelegatingMethodAccessorImpl.invoke(DelegatingMethodAccessorImpl.java:43)
at java.base/java.lang.reflect.Method.invoke(Method.java:566)
at org.testng.internal.invokers.MethodInvocationHelper.invokeMethod(MethodInvocationHelper.java:139)
at org.testng.internal.invokers.TestInvoker.invokeMethod(TestInvoker.java:677)
at org.testng.internal.invokers.TestInvoker.invokeTestMethod(TestInvoker.java:221)
at org.testng.internal.invokers.MethodRunner.runInSequence(MethodRunner.java:50)
at org.testng.internal.invokers.TestInvoker$MethodInvocationAgent.invoke(TestInvoker.java:962)
at org.testng.internal.invokers.TestInvoker.invokeTestMethods(TestInvoker.java:194)
at org.testng.internal.invokers.TestMethodWorker.invokeTestMethods(TestMethodWorker.java:148)
at org.testng.internal.invokers.TestMethodWorker.run(TestMethodWorker.java:128)
at java.base/java.util.ArrayList.forEach(ArrayList.java:1541)
at org.testng.TestRunner.privateRun(TestRunner.java:806)
at org.testng.TestRunner.run(TestRunner.java:601)
at org.testng.SuiteRunner.runTest(SuiteRunner.java:433)
at org.testng.SuiteRunner.runSequentially(SuiteRunner.java:427)
at org.testng.SuiteRunner.privateRun(SuiteRunner.java:387)
at org.testng.SuiteRunner.run(SuiteRunner.java:330)
at org.testng.SuiteRunnerWorker.runSuite(SuiteRunnerWorker.java:52)
at org.testng.SuiteRunnerWorker.run(SuiteRunnerWorker.java:95)
at org.testng.TestNG.runSuitesSequentially(TestNG.java:1256)
at org.testng.TestNG.runSuitesLocally(TestNG.java:1176)
at org.testng.TestNG.runSuites(TestNG.java:1099)
at org.testng.TestNG.run(TestNG.java:1067)
at org.testng.remote.AbstractRemoteTestNG.run(AbstractRemoteTestNG.java:115)
at org.testng.remote.RemoteTestNG.initAndRun(RemoteTestNG.java:251)
at org.testng.remote.RemoteTestNG.main(RemoteTestNG.java:77)
]]>
    </error>
  </testcase> <!-- rotateToLandscape -->
  <system-out/>
</testsuite> <!-- MobileApp.BillGenratorMobileApp2.Otherscenarios -->
