<?xml version="1.0" encoding="UTF-8"?>
<!-- Generated by org.testng.reporters.JUnitReportReporter -->
<testsuite hostname="DESKTOP-6KOFRV4" failures="0" tests="3" name="mobileApp.BillGenratorMobileApp2.UtilityBill" time="97.172" errors="0" timestamp="2022-12-14T12:05:03 IST" skipped="0">
  <testcase classname="mobileApp.BillGenratorMobileApp2.UtilityBill" name="UtilityForm_VerifyUtilityPreviewWithAllFields" time="85.163"/>
  <system-out/>
  <testcase classname="mobileApp.BillGenratorMobileApp2.UtilityBill" name="UtilityForm_verifyDataOfUtilityOrderPage" time="5.060"/>
  <system-out/>
  <testcase classname="mobileApp.BillGenratorMobileApp2.UtilityBill" name="UtilityForm_verifyCouponCodeFunctionalityWithValidCode" time="6.949"/>
  <system-out/>
</testsuite> <!-- mobileApp.BillGenratorMobileApp2.UtilityBill -->
