<?xml version="1.0" encoding="UTF-8"?>
<!-- Generated by org.testng.reporters.JUnitReportReporter -->
<testsuite hostname="DESKTOP-6KOFRV4" failures="0" tests="2" name="WebApp.BillGenrator.WebPaystubForm" time="5.471" errors="0" timestamp="2023-01-20T17:53:12 IST" skipped="1">
  <testcase classname="WebApp.BillGenrator.WebPaystubForm" name="enterAllInputs" time="5.471"/>
  <system-out/>
  <testcase classname="WebApp.BillGenrator.WebPaystubForm" name="getexcelData">
    <skipped/>
  </testcase> <!-- getexcelData -->
  <system-out/>
</testsuite> <!-- WebApp.BillGenrator.WebPaystubForm -->
