<?xml version="1.0" encoding="UTF-8"?>
<!-- Generated by org.testng.reporters.JUnitReportReporter -->
<testsuite hostname="DESKTOP-6KOFRV4" failures="0" tests="1" name="mobileApp.BillGenrator.CommonReuablescenarios" time="2.253" errors="0" timestamp="2023-01-05T20:04:55 IST" skipped="0">
  <testcase classname="mobileApp.BillGenrator.CommonReuablescenarios" name="verifyRotateToLandscape" time="2.253"/>
  <system-out/>
</testsuite> <!-- mobileApp.BillGenrator.CommonReuablescenarios -->
