<?xml version="1.0" encoding="UTF-8"?>
<!-- Generated by org.testng.reporters.JUnitReportReporter -->
<testsuite hostname="DESKTOP-6KOFRV4" failures="0" tests="2" name="base.BaseClass" time="1.089" errors="0" timestamp="2022-12-06T14:20:27 IST" skipped="0">
  <testcase classname="base.BaseClass" name="pullFileFromDevice" time="0.168"/>
  <system-out/>
  <testcase classname="base.BaseClass" name="verifyContentInPDf1" time="0.921"/>
  <system-out/>
</testsuite> <!-- base.BaseClass -->
