<?xml version="1.0" encoding="UTF-8"?>
<!-- Generated by org.testng.reporters.JUnitReportReporter -->
<testsuite hostname="DESKTOP-6KOFRV4" failures="0" tests="3" name="mobileApp.BillGenrator.UtilityBill" time="91.877" errors="0" timestamp="2022-12-27T16:11:20 IST" skipped="0">
  <testcase classname="mobileApp.BillGenrator.UtilityBill" name="UtilityForm_VerifyUtilityPreviewWithAllFields" time="80.516"/>
  <system-out/>
  <testcase classname="mobileApp.BillGenrator.UtilityBill" name="UtilityForm_verifyDataOfUtilityOrderPage" time="5.045"/>
  <system-out/>
  <testcase classname="mobileApp.BillGenrator.UtilityBill" name="UtilityForm_verifyCouponCodeFunctionalityWithValidCode" time="6.316"/>
  <system-out/>
</testsuite> <!-- mobileApp.BillGenrator.UtilityBill -->
